<?xml version="1.0" encoding="UTF-8"?>
<!-- Generated by org.testng.reporters.JUnitReportReporter -->
<testsuite hostname="DESKTOP-01" failures="0" tests="1" name="com.TestNG.ParameterAnnotation" time="5.191" errors="0" timestamp="2022-07-06T06:40:50 IST" skipped="0">
  <testcase classname="com.TestNG.ParameterAnnotation" name="LoginDetails" time="5.191"/>
  <system-out/>
</testsuite> <!-- com.TestNG.ParameterAnnotation -->
