<?xml version="1.0" encoding="UTF-8"?>
<!-- Generated by org.testng.reporters.JUnitReportReporter -->
<testsuite hostname="DESKTOP-01" failures="0" tests="4" name="com.TestNG.annotation_prg" time="5.732" errors="0" timestamp="2022-07-02T22:02:51 IST" skipped="0">
  <testcase classname="com.TestNG.annotation_prg" name="register" time="1.612"/>
  <system-out/>
  <testcase classname="com.TestNG.annotation_prg" name="support" time="1.720"/>
  <system-out/>
  <testcase classname="com.TestNG.annotation_prg" name="support" time="1.174"/>
  <system-out/>
  <testcase classname="com.TestNG.annotation_prg" name="support" time="1.226"/>
  <system-out/>
</testsuite> <!-- com.TestNG.annotation_prg -->
