<?xml version="1.0" encoding="UTF-8"?>
<!-- Generated by org.testng.reporters.JUnitReportReporter -->
<testsuite hostname="DESKTOP-01" failures="0" tests="2" name="com.TestNG.ParallelTest" time="13.836" errors="0" timestamp="2022-07-02T22:21:34 IST" skipped="0">
  <testcase classname="com.TestNG.ParallelTest" name="Amazon" time="7.210"/>
  <system-out/>
  <testcase classname="com.TestNG.ParallelTest" name="Myntra" time="6.626"/>
  <system-out/>
</testsuite> <!-- com.TestNG.ParallelTest -->
