<?xml version="1.0" encoding="UTF-8"?>
<!-- Generated by org.testng.reporters.JUnitReportReporter -->
<testsuite hostname="DESKTOP-01" failures="0" tests="6" name="com.TestNG.CrossBrowser_DataProvider" time="33.223" errors="0" timestamp="2022-07-16T05:11:59 IST" skipped="0">
  <testcase classname="com.TestNG.CrossBrowser_DataProvider" name="CrossBrowser1" time="4.192"/>
  <system-out/>
  <testcase classname="com.TestNG.CrossBrowser_DataProvider" name="CrossBrowser1" time="6.348"/>
  <system-out/>
  <testcase classname="com.TestNG.CrossBrowser_DataProvider" name="CrossBrowser1" time="4.681"/>
  <system-out/>
  <testcase classname="com.TestNG.CrossBrowser_DataProvider" name="CrossBrowser2" time="6.507"/>
  <system-out/>
  <testcase classname="com.TestNG.CrossBrowser_DataProvider" name="CrossBrowser2" time="6.598"/>
  <system-out/>
  <testcase classname="com.TestNG.CrossBrowser_DataProvider" name="CrossBrowser2" time="4.897"/>
  <system-out/>
</testsuite> <!-- com.TestNG.CrossBrowser_DataProvider -->
