<?xml version="1.0" encoding="UTF-8"?>
<!-- Generated by org.testng.reporters.JUnitReportReporter -->
<testsuite hostname="DESKTOP-01" failures="0" tests="4" name="com.TestNG.DependsOnMethod" time="0.020" errors="0" timestamp="2022-07-16T05:11:00 IST" skipped="0">
  <testcase classname="com.TestNG.DependsOnMethod" name="Offer" time="0.015"/>
  <system-out/>
  <testcase classname="com.TestNG.DependsOnMethod" name="Mobiles" time="0.002"/>
  <system-out/>
  <testcase classname="com.TestNG.DependsOnMethod" name="electronics" time="0.001"/>
  <system-out/>
  <testcase classname="com.TestNG.DependsOnMethod" name="clothes" time="0.002"/>
  <system-out/>
</testsuite> <!-- com.TestNG.DependsOnMethod -->
