<?xml version="1.0" encoding="UTF-8"?>
<!-- Generated by org.testng.reporters.JUnitReportReporter -->
<testsuite hostname="DESKTOP-01" failures="0" tests="1" name="com.TestNG.Annotation_program" time="0.175" errors="0" timestamp="2022-07-18T09:17:47 IST" skipped="0">
  <testcase classname="com.TestNG.Annotation_program" name="Mobiles" time="0.175"/>
  <system-out/>
</testsuite> <!-- com.TestNG.Annotation_program -->
