<?xml version="1.0" encoding="UTF-8"?>
<!-- Generated by org.testng.reporters.JUnitReportReporter -->
<testsuite hostname="DESKTOP-01" failures="0" tests="2" name="com.TestNG.SimpleAnnotationTesting" time="0.010" errors="0" timestamp="2022-07-02T07:20:45 IST" skipped="0">
  <testcase classname="com.TestNG.SimpleAnnotationTesting" name="mobileSearch" time="0.008"/>
  <system-out/>
  <testcase classname="com.TestNG.SimpleAnnotationTesting" name="LaptopSearch" time="0.002"/>
  <system-out/>
</testsuite> <!-- com.TestNG.SimpleAnnotationTesting -->
