<?xml version="1.0" encoding="UTF-8"?>
<!-- Generated by org.testng.reporters.JUnitReportReporter -->
<testsuite hostname="DESKTOP-01" failures="0" tests="16" name="com.TestNG.Grouping" time="0.026" errors="0" timestamp="2022-07-02T22:05:35 IST" skipped="0">
  <testcase classname="com.TestNG.Grouping" name="TikTok" time="0.001"/>
  <system-out/>
  <testcase classname="com.TestNG.Grouping" name="Book3" time="0.001"/>
  <system-out/>
  <testcase classname="com.TestNG.Grouping" name="cricket" time="0.001"/>
  <system-out/>
  <testcase classname="com.TestNG.Grouping" name="Degree4" time="0.001"/>
  <system-out/>
  <testcase classname="com.TestNG.Grouping" name="Degree2" time="0.002"/>
  <system-out/>
  <testcase classname="com.TestNG.Grouping" name="FaceBook" time="0.001"/>
  <system-out/>
  <testcase classname="com.TestNG.Grouping" name="carrom" time="0.001"/>
  <system-out/>
  <testcase classname="com.TestNG.Grouping" name="Instagram" time="0.001"/>
  <system-out/>
  <testcase classname="com.TestNG.Grouping" name="Book1" time="0.009"/>
  <system-out/>
  <testcase classname="com.TestNG.Grouping" name="Degree1" time="0.002"/>
  <system-out/>
  <testcase classname="com.TestNG.Grouping" name="volleyBall" time="0.001"/>
  <system-out/>
  <testcase classname="com.TestNG.Grouping" name="Whatsapp" time="0.001"/>
  <system-out/>
  <testcase classname="com.TestNG.Grouping" name="Book4" time="0.001"/>
  <system-out/>
  <testcase classname="com.TestNG.Grouping" name="Degree3" time="0.001"/>
  <system-out/>
  <testcase classname="com.TestNG.Grouping" name="Book2" time="0.001"/>
  <system-out/>
  <testcase classname="com.TestNG.Grouping" name="Chess" time="0.001"/>
  <system-out/>
</testsuite> <!-- com.TestNG.Grouping -->
