<?xml version="1.0" encoding="UTF-8"?>
<!-- Generated by org.testng.reporters.JUnitReportReporter -->
<testsuite hostname="DESKTOP-01" failures="0" tests="1" name="com.TestNG.TimeOut" time="2.015" errors="0" timestamp="2022-07-02T22:08:04 IST" skipped="0">
  <testcase classname="com.TestNG.TimeOut" name="credentials" time="2.015"/>
  <system-out/>
</testsuite> <!-- com.TestNG.TimeOut -->
