<?xml version="1.0" encoding="UTF-8"?>
<!-- Generated by org.testng.reporters.JUnitReportReporter -->
<testsuite hostname="DESKTOP-01" failures="0" tests="7" name="com.TestNG.SimplePriorityTest" time="0.019" errors="0" timestamp="2022-06-29T19:30:28 IST" skipped="0">
  <testcase classname="com.TestNG.SimplePriorityTest" name="LaunchURL" time="0.011"/>
  <system-out/>
  <testcase classname="com.TestNG.SimplePriorityTest" name="LoginCredetials" time="0.001"/>
  <system-out/>
  <testcase classname="com.TestNG.SimplePriorityTest" name="MyProfile" time="0.001"/>
  <system-out/>
  <testcase classname="com.TestNG.SimplePriorityTest" name="MyProfile" time="0.001"/>
  <system-out/>
  <testcase classname="com.TestNG.SimplePriorityTest" name="MyProfile" time="0.002"/>
  <system-out/>
  <testcase classname="com.TestNG.SimplePriorityTest" name="MyProfile" time="0.002"/>
  <system-out/>
  <testcase classname="com.TestNG.SimplePriorityTest" name="MyProfile" time="0.001"/>
  <system-out/>
</testsuite> <!-- com.TestNG.SimplePriorityTest -->
