<?xml version="1.0" encoding="UTF-8"?>
<!-- Generated by org.testng.reporters.JUnitReportReporter -->
<testsuite hostname="DESKTOP-01" failures="0" tests="1" name="com.TestNG.Expected_Exception" time="0.010" errors="0" timestamp="2022-07-02T22:16:20 IST" skipped="0">
  <testcase classname="com.TestNG.Expected_Exception" name="Exception" time="0.010"/>
  <system-out/>
</testsuite> <!-- com.TestNG.Expected_Exception -->
